<?xml version="1.0" encoding="UTF-8"?>
<!-- Generated by org.testng.reporters.JUnitReportReporter -->
<testsuite skipped="0" hostname="SSPLLLP-044" name="orangehrm.testsuites.admin_login_TC01" tests="1" failures="0" timestamp="2020-06-10T16:56:56 IST" time="28.189" errors="0">
  <testcase name="login_01" time="28.189" classname="orangehrm.testsuites.admin_login_TC01"/>
</testsuite> <!-- orangehrm.testsuites.admin_login_TC01 -->
