<?xml version="1.0" encoding="UTF-8"?>
<!-- Generated by org.testng.reporters.JUnitReportReporter -->
<testsuite skipped="0" hostname="SSPLLLP-044" name="orangehrm.testsuites.ESS_User_TC03" tests="1" failures="0" timestamp="2020-06-10T16:56:56 IST" time="38.098" errors="0">
  <testcase name="ESS_User_Login" time="38.098" classname="orangehrm.testsuites.ESS_User_TC03"/>
</testsuite> <!-- orangehrm.testsuites.ESS_User_TC03 -->
