<?xml version="1.0" encoding="UTF-8"?>
<!-- Generated by org.testng.reporters.JUnitReportReporter -->
<testsuite skipped="0" hostname="SSPLLLP-044" name="orangehrm.testsuites.PIM_Emp_TC04" tests="1" failures="0" timestamp="2020-06-10T16:56:56 IST" time="56.800" errors="0">
  <testcase name="Emp_PIM" time="56.800" classname="orangehrm.testsuites.PIM_Emp_TC04"/>
</testsuite> <!-- orangehrm.testsuites.PIM_Emp_TC04 -->
