<?xml version="1.0" encoding="UTF-8"?>
<!-- Generated by org.testng.reporters.JUnitReportReporter -->
<testsuite skipped="0" hostname="SSPLLLP-044" name="orangehrm.testsuites.admin_logout_TC05" tests="1" failures="0" timestamp="2020-06-09T18:53:21 IST" time="27.387" errors="0">
  <testcase name="logout_admin_user" time="27.387" classname="orangehrm.testsuites.admin_logout_TC05"/>
</testsuite> <!-- orangehrm.testsuites.admin_logout_TC05 -->
