<?xml version="1.0" encoding="UTF-8"?>
<!-- Generated by org.testng.reporters.JUnitReportReporter -->
<testsuite skipped="0" hostname="SSPLLLP-044" name="orangehrm.testsuites.FirstLevelSupervisor_TC5" tests="1" failures="0" timestamp="2020-06-10T16:56:56 IST" time="28.519" errors="0">
  <testcase name="FirstLevelSupervisor" time="28.519" classname="orangehrm.testsuites.FirstLevelSupervisor_TC5"/>
</testsuite> <!-- orangehrm.testsuites.FirstLevelSupervisor_TC5 -->
