<?xml version="1.0" encoding="UTF-8"?>
<!-- Generated by org.testng.reporters.JUnitReportReporter -->
<testsuite skipped="0" hostname="SSPLLLP-044" name="orangehrm.testsuites.admin_logout_TC06" tests="1" failures="0" timestamp="2020-06-10T10:32:58 IST" time="36.237" errors="0">
  <testcase name="logout_admin_user" time="36.237" classname="orangehrm.testsuites.admin_logout_TC06"/>
</testsuite> <!-- orangehrm.testsuites.admin_logout_TC06 -->
